c:\sarah\work\gp\2013 sem 6 oct\(02) weekly activities\week7\threecsdx\debug\audio.obj
c:\sarah\work\gp\2013 sem 6 oct\(02) weekly activities\week7\threecsdx\debug\game.obj
c:\sarah\work\gp\2013 sem 6 oct\(02) weekly activities\week7\threecsdx\debug\graphics.obj
c:\sarah\work\gp\2013 sem 6 oct\(02) weekly activities\week7\threecsdx\debug\input.obj
c:\sarah\work\gp\2013 sem 6 oct\(02) weekly activities\week7\threecsdx\debug\textdx.obj
c:\sarah\work\gp\2013 sem 6 oct\(02) weekly activities\week7\threecsdx\debug\threecsdx.obj
c:\sarah\work\gp\2013 sem 6 oct\(02) weekly activities\week7\threecsdx\debug\winmain.obj
c:\sarah\work\gp\2013 sem 6 oct\(02) weekly activities\week7\threecsdx\debug\vc110.pdb
c:\sarah\work\gp\2013 sem 6 oct\(02) weekly activities\week7\threecsdxwfps\debug\audio.obj
c:\sarah\work\gp\2013 sem 6 oct\(02) weekly activities\week7\threecsdxwfps\debug\game.obj
c:\sarah\work\gp\2013 sem 6 oct\(02) weekly activities\week7\threecsdxwfps\debug\graphics.obj
c:\sarah\work\gp\2013 sem 6 oct\(02) weekly activities\week7\threecsdxwfps\debug\input.obj
c:\sarah\work\gp\2013 sem 6 oct\(02) weekly activities\week7\threecsdxwfps\debug\textdx.obj
c:\sarah\work\gp\2013 sem 6 oct\(02) weekly activities\week7\threecsdxwfps\debug\threecsdx.obj
c:\sarah\work\gp\2013 sem 6 oct\(02) weekly activities\week7\threecsdxwfps\debug\winmain.obj
c:\sarah\work\gp\2013 sem 6 oct\(02) weekly activities\week7\threecsdxwfps\debug\vc110.pdb
c:\sarah\work\gp\2013 sem 6 oct\(02) weekly activities\week7\threecsdx\debug\threecsdx.ilk
c:\sarah\work\gp\2013 sem 6 oct\(02) weekly activities\week7\threecsdx\debug\threecsdx.exe
c:\sarah\work\gp\2013 sem 6 oct\(02) weekly activities\week7\threecsdx\debug\threecsdx.pdb
c:\sarah\work\gp\2013 sem 6 oct\(02) weekly activities\week7\threecsdxwfps\debug\threecsdx.ilk
c:\sarah\work\gp\2013 sem 6 oct\(02) weekly activities\week7\threecsdxwfps\debug\threecsdx.exe
c:\sarah\work\gp\2013 sem 6 oct\(02) weekly activities\week7\threecsdxwfps\debug\threecsdx.pdb
c:\sarah\gp\2014 sem 6 oct\02 weekly activities\week5\demo\threecsdxwfps\debug\vc120.pdb
c:\sarah\gp\2014 sem 6 oct\02 weekly activities\week5\demo\threecsdxwfps\debug\vc120.idb
c:\sarah\gp\2014 sem 6 oct\02 weekly activities\week5\demo\threecsdxwfps\debug\audio.obj
c:\sarah\gp\2014 sem 6 oct\02 weekly activities\week5\demo\threecsdxwfps\debug\game.obj
c:\sarah\gp\2014 sem 6 oct\02 weekly activities\week5\demo\threecsdxwfps\debug\graphics.obj
c:\sarah\gp\2014 sem 6 oct\02 weekly activities\week5\demo\threecsdxwfps\debug\input.obj
c:\sarah\gp\2014 sem 6 oct\02 weekly activities\week5\demo\threecsdxwfps\debug\textdx.obj
c:\sarah\gp\2014 sem 6 oct\02 weekly activities\week5\demo\threecsdxwfps\debug\threecsdx.obj
c:\sarah\gp\2014 sem 6 oct\02 weekly activities\week5\demo\threecsdxwfps\debug\winmain.obj
d:\gpp\02 weekly activities\week3\3.1 lecture\demo\threecsdxwfps\debug\vc120.pdb
d:\gpp\02 weekly activities\week3\3.1 lecture\demo\threecsdxwfps\debug\vc120.idb
d:\gpp\02 weekly activities\week3\3.1 lecture\demo\threecsdxwfps\debug\audio.obj
d:\gpp\02 weekly activities\week3\3.1 lecture\demo\threecsdxwfps\debug\game.obj
d:\gpp\02 weekly activities\week3\3.1 lecture\demo\threecsdxwfps\debug\graphics.obj
d:\gpp\02 weekly activities\week3\3.1 lecture\demo\threecsdxwfps\debug\input.obj
d:\gpp\02 weekly activities\week3\3.1 lecture\demo\threecsdxwfps\debug\textdx.obj
d:\gpp\02 weekly activities\week3\3.1 lecture\demo\threecsdxwfps\debug\threecsdx.obj
d:\gpp\02 weekly activities\week3\3.1 lecture\demo\threecsdxwfps\debug\winmain.obj
c:\users\cheny\desktop\gpp\week 3\threecsdxwfps\debug\vc141.pdb
c:\users\cheny\desktop\gpp\week 3\threecsdxwfps\debug\vc141.idb
c:\users\cheny\desktop\gpp\week 3\threecsdxwfps\debug\audio.obj
c:\users\cheny\desktop\gpp\week 3\threecsdxwfps\debug\game.obj
c:\users\cheny\desktop\gpp\week 3\threecsdxwfps\debug\graphics.obj
c:\users\cheny\desktop\gpp\week 3\threecsdxwfps\debug\input.obj
c:\users\cheny\desktop\gpp\week 3\threecsdxwfps\debug\textdx.obj
c:\users\cheny\desktop\gpp\week 3\threecsdxwfps\debug\threecsdx.obj
c:\users\cheny\desktop\gpp\week 3\threecsdxwfps\debug\winmain.obj
c:\sarah\gp\2014 sem 6 oct\02 weekly activities\week5\demo\threecsdxwfps\debug\threecsdx.ilk
c:\sarah\gp\2014 sem 6 oct\02 weekly activities\week5\demo\threecsdxwfps\debug\threecsdx.exe
c:\sarah\gp\2014 sem 6 oct\02 weekly activities\week5\demo\threecsdxwfps\debug\threecsdx.pdb
d:\gpp\02 weekly activities\week3\3.1 lecture\demo\threecsdxwfps\debug\threecsdx.ilk
d:\gpp\02 weekly activities\week3\3.1 lecture\demo\threecsdxwfps\debug\threecsdx.exe
d:\gpp\02 weekly activities\week3\3.1 lecture\demo\threecsdxwfps\debug\threecsdx.pdb
c:\users\cheny\desktop\gpp\week 3\threecsdxwfps\debug\threecsdx.ilk
c:\users\cheny\desktop\gpp\week 3\threecsdxwfps\debug\threecsdx.exe
c:\users\cheny\desktop\gpp\week 3\threecsdxwfps\debug\threecsdx.pdb
c:\users\cheny\desktop\gpp\week 3\threecsdxwfps\debug\cl.command.1.tlog
c:\users\cheny\desktop\gpp\week 3\threecsdxwfps\debug\cl.read.1.tlog
c:\users\cheny\desktop\gpp\week 3\threecsdxwfps\debug\cl.write.1.tlog
c:\users\cheny\desktop\gpp\week 3\threecsdxwfps\debug\link-cvtres.read.1.tlog
c:\users\cheny\desktop\gpp\week 3\threecsdxwfps\debug\link-cvtres.write.1.tlog
c:\users\cheny\desktop\gpp\week 3\threecsdxwfps\debug\link-rc.read.1.tlog
c:\users\cheny\desktop\gpp\week 3\threecsdxwfps\debug\link-rc.write.1.tlog
c:\users\cheny\desktop\gpp\week 3\threecsdxwfps\debug\link.3992-cvtres.read.1.tlog
c:\users\cheny\desktop\gpp\week 3\threecsdxwfps\debug\link.3992-cvtres.write.1.tlog
c:\users\cheny\desktop\gpp\week 3\threecsdxwfps\debug\link.3992-rc.read.1.tlog
c:\users\cheny\desktop\gpp\week 3\threecsdxwfps\debug\link.3992-rc.write.1.tlog
c:\users\cheny\desktop\gpp\week 3\threecsdxwfps\debug\link.3992.read.1.tlog
c:\users\cheny\desktop\gpp\week 3\threecsdxwfps\debug\link.3992.write.1.tlog
c:\users\cheny\desktop\gpp\week 3\threecsdxwfps\debug\link.764-cvtres.read.1.tlog
c:\users\cheny\desktop\gpp\week 3\threecsdxwfps\debug\link.764-cvtres.write.1.tlog
c:\users\cheny\desktop\gpp\week 3\threecsdxwfps\debug\link.764-rc.read.1.tlog
c:\users\cheny\desktop\gpp\week 3\threecsdxwfps\debug\link.764-rc.write.1.tlog
c:\users\cheny\desktop\gpp\week 3\threecsdxwfps\debug\link.764.read.1.tlog
c:\users\cheny\desktop\gpp\week 3\threecsdxwfps\debug\link.764.write.1.tlog
c:\users\cheny\desktop\gpp\week 3\threecsdxwfps\debug\link.command.1.tlog
c:\users\cheny\desktop\gpp\week 3\threecsdxwfps\debug\link.read.1.tlog
c:\users\cheny\desktop\gpp\week 3\threecsdxwfps\debug\link.write.1.tlog
c:\users\cheny\desktop\gpp\week 3\threecsdxwfps\debug\vc110.idb
c:\users\cheny\desktop\gpp\week 3\threecsdxwfps\debug\vc120.idb
c:\users\cheny\desktop\gpp\week 3\threecsdxwfps\debug\vc110.pdb
c:\users\cheny\desktop\gpp\week 3\threecsdxwfps\debug\vc120.pdb
c:\users\cheny\desktop\gpp\week 3\threecsdxwfps\debug\threecsdx.tlog\cl.command.1.tlog
c:\users\cheny\desktop\gpp\week 3\threecsdxwfps\debug\threecsdx.tlog\cl.read.1.tlog
c:\users\cheny\desktop\gpp\week 3\threecsdxwfps\debug\threecsdx.tlog\cl.write.1.tlog
c:\users\cheny\desktop\gpp\week 3\threecsdxwfps\debug\threecsdx.tlog\link.command.1.tlog
c:\users\cheny\desktop\gpp\week 3\threecsdxwfps\debug\threecsdx.tlog\link.read.1.tlog
c:\users\cheny\desktop\gpp\week 3\threecsdxwfps\debug\threecsdx.tlog\link.write.1.tlog
